\BOOKMARK [1][-]{section.0}{\376\377\000U\000t\000i\000l\000i\000s\000a\000t\000i\000o\000n\000\040\000d\000e\000\040\000g\000i\000t}{}% 1
\BOOKMARK [1][-]{section.1}{\376\377\000S\000a\000i\000s\000i\000e\000\040\000d\000u\000\040\000s\000c\000h\000\351\000m\000a}{}% 2
\BOOKMARK [2][-]{subsection.1.1}{\376\377\000C\000r\000\351\000a\000t\000i\000o\000n\000\040\000d\000e\000\040\000l\000a\000\040\000s\000t\000r\000u\000c\000t\000u\000r\000e\000\040\000d\000u\000\040\000p\000r\000o\000j\000e\000t}{section.1}% 3
\BOOKMARK [2][-]{subsection.1.2}{\376\377\000L\000e\000\040\000m\000i\000c\000r\000o\000c\000o\000n\000t\000r\000\364\000l\000e\000u\000r\000\040\000s\000o\000u\000s\000\040\000K\000i\000C\000A\000D}{section.1}% 4
\BOOKMARK [2][-]{subsection.1.3}{\376\377\000L\000e\000\040\000r\000e\000s\000t\000e\000\040\000d\000u\000\040\000s\000c\000h\000\351\000m\000a}{section.1}% 5
\BOOKMARK [2][-]{subsection.1.4}{\376\377\000A\000f\000f\000e\000c\000t\000a\000t\000i\000o\000n\000\040\000d\000e\000s\000\040\000e\000m\000p\000r\000e\000i\000n\000t\000e\000s}{section.1}% 6
\BOOKMARK [1][-]{section.2}{\376\377\000R\000o\000u\000t\000a\000g\000e\000\040\000d\000u\000\040\000c\000i\000r\000c\000u\000i\000t}{}% 7
\BOOKMARK [2][-]{subsection.2.1}{\376\377\000P\000l\000a\000c\000e\000m\000e\000n\000t\000\040\000d\000e\000s\000\040\000c\000o\000m\000p\000o\000s\000a\000n\000t\000s}{section.2}% 8
\BOOKMARK [2][-]{subsection.2.2}{\376\377\000R\000o\000u\000t\000a\000g\000e}{section.2}% 9
\BOOKMARK [2][-]{subsection.2.3}{\376\377\000G\000\351\000n\000\351\000r\000a\000t\000i\000o\000n\000\040\000d\000e\000s\000\040\000f\000i\000c\000h\000i\000e\000r\000s\000\040\000d\000e\000\040\000f\000a\000b\000r\000i\000c\000a\000t\000i\000o\000n}{section.2}% 10
\BOOKMARK [1][-]{section.3}{\376\377\000\311\000c\000r\000i\000t\000u\000r\000e\000\040\000d\000u\000\040\000f\000i\000r\000m\000w\000a\000r\000e}{}% 11
\BOOKMARK [2][-]{subsection.3.1}{\376\377\000A\000c\000t\000i\000v\000a\000t\000i\000o\000n\000\040\000d\000e\000s\000\040\000L\000L\000\040\000d\000r\000i\000v\000e\000r\000s}{section.3}% 12
\BOOKMARK [2][-]{subsection.3.2}{\376\377\000L\000E\000D\000\040\000s\000i\000m\000p\000l\000e}{section.3}% 13
\BOOKMARK [2][-]{subsection.3.3}{\376\377\000L\000E\000D\000\040\000a\000v\000e\000c\000\040\000t\000i\000m\000e\000r}{section.3}% 14
\BOOKMARK [2][-]{subsection.3.4}{\376\377\000U\000A\000R\000T\000,\000\040\000u\000n\000\040\000s\000i\000m\000p\000l\000e\000\040\000e\000c\000h\000o}{section.3}% 15
\BOOKMARK [2][-]{subsection.3.5}{\376\377\000U\000A\000R\000T\000\040\000e\000t\000\040\000S\000h\000e\000l\000l}{section.3}% 16
\BOOKMARK [2][-]{subsection.3.6}{\376\377\000D\000A\000C\000,\000\040\000g\000\351\000n\000\351\000r\000a\000t\000i\000o\000n\000\040\000d\000e\000\040\000s\000i\000g\000n\000a\000u\000x}{section.3}% 17
\BOOKMARK [2][-]{subsection.3.7}{\376\377\000A\000D\000C\000,\000\040\000u\000n\000\040\000b\000y\000p\000a\000s\000s\000\040\000a\000n\000a\000l\000o\000g\000i\000q\000u\000e}{section.3}% 18
\BOOKMARK [2][-]{subsection.3.8}{\376\377\000F\000i\000l\000t\000r\000e\000\040\000R\000C}{section.3}% 19
\BOOKMARK [1][-]{section.4}{\376\377\000A\000s\000s\000e\000m\000b\000l\000a\000g\000e}{}% 20
